<?xml version="1.0" encoding="UTF-8"?>
<!-- Generated by org.testng.reporters.JUnitReportReporter -->
<testsuite hostname="DESKTOP-2Q79CUE" failures="0" tests="1" name="com.AutomationTesterinterview.testCases.TC_01_BookingHotelsTest" time="13.539" errors="0" timestamp="2021-10-22T18:32:51 IST" skipped="0">
  <testcase classname="com.AutomationTesterinterview.testCases.TC_01_BookingHotelsTest" name="booking" time="13.539"/>
  <system-out/>
</testsuite> <!-- com.AutomationTesterinterview.testCases.TC_01_BookingHotelsTest -->
